<?xml version="1.0" encoding="UTF-8"?>
<testsuite xmlns:xsi="http://www.w3.org/2001/XMLSchema-instance" xsi:noNamespaceSchemaLocation="https://maven.apache.org/surefire/maven-surefire-plugin/xsd/surefire-test-report-3.0.xsd" version="3.0" name="org.klojang.templates.ParserTest" time="0.075" tests="23" errors="0" skipped="0" failures="0">
  <properties>
[...]
</properties>
  <testcase name="parseInlineTemplates00" classname="org.klojang.templates.ParserTest" time="0.001"/>
  <testcase name="parseInlineTemplates01" classname="org.klojang.templates.ParserTest" time="0.001"/>
  <testcase name="parseInlineTemplates02" classname="org.klojang.templates.ParserTest" time="0.001"/>
  <testcase name="parseInlineTemplates03" classname="org.klojang.templates.ParserTest" time="0.001"/>
  <testcase name="danglingEndTag00" classname="org.klojang.templates.ParserTest" time="0.008"/>
  <testcase name="ditchTagNotClosed00" classname="org.klojang.templates.ParserTest" time="0.001"/>
  <testcase name="ditchTagNotClosed01" classname="org.klojang.templates.ParserTest" time="0"/>
  <testcase name="missingEndTag00" classname="org.klojang.templates.ParserTest" time="0"/>
  <testcase name="includeTagNotTerminated00" classname="org.klojang.templates.ParserTest" time="0.03"/>
  <testcase name="missingEndTag0100" classname="org.klojang.templates.ParserTest" time="0"/>
  <testcase name="parseIncludedTemplates00" classname="org.klojang.templates.ParserTest" time="0.001"/>
  <testcase name="parseIncludedTemplates01" classname="org.klojang.templates.ParserTest" time="0.004"/>
  <testcase name="placeholderNotClosed00" classname="org.klojang.templates.ParserTest" time="0.001"/>
  <testcase name="placeholderNotClosed01" classname="org.klojang.templates.ParserTest" time="0.001"/>
  <testcase name="duplicateTmplName00" classname="org.klojang.templates.ParserTest" time="0.009"/>
  <testcase name="endTagNotTerminated00" classname="org.klojang.templates.ParserTest" time="0"/>
  <testcase name="varNameWithTmplName00" classname="org.klojang.templates.ParserTest" time="0.001"/>
  <testcase name="varNameWithTmplName01" classname="org.klojang.templates.ParserTest" time="0.001"/>
  <testcase name="beginTagNotTerminated00" classname="org.klojang.templates.ParserTest" time="0.001"/>
  <testcase name="parseVariables00" classname="org.klojang.templates.ParserTest" time="0"/>
  <testcase name="parseVariables01" classname="org.klojang.templates.ParserTest" time="0.001"/>
  <testcase name="parseVariables02" classname="org.klojang.templates.ParserTest" time="0.001"/>
  <testcase name="parseVariables03" classname="org.klojang.templates.ParserTest" time="0.001"/>
</testsuite>